<?xml version="1.0" encoding="UTF-8"?>
<testng-results ignored="0" total="2" passed="2" failed="0" skipped="0">
  <reporter-output>
  </reporter-output>
  <suite started-at="2022-07-25T10:49:55 IST" name="ClearTrip" finished-at="2022-07-25T10:50:32 IST" duration-ms="36872">
    <groups>
    </groups>
    <test started-at="2022-07-25T10:49:55 IST" name="ClearTripApp Test" finished-at="2022-07-25T10:50:32 IST" duration-ms="36872">
      <class name="com.cleartrip_testcases.TC_LoginTest_001">
        <test-method is-config="true" signature="setup(java.lang.String)[pri:0, instance:com.cleartrip_testcases.TC_LoginTest_001@44b3606b]" started-at="2022-07-25T10:49:56 IST" name="setup" finished-at="2022-07-25T10:50:19 IST" duration-ms="23289" status="PASS">
          <params>
            <param index="0">
              <value>
                <![CDATA[firefox]]>
              </value>
            </param>
          </params>
          <reporter-output>
          </reporter-output>
        </test-method> <!-- setup -->
        <test-method signature="LoginTest()[pri:1, instance:com.cleartrip_testcases.TC_LoginTest_001@44b3606b]" started-at="2022-07-25T10:50:19 IST" name="LoginTest" finished-at="2022-07-25T10:50:32 IST" duration-ms="13140" status="PASS">
          <reporter-output>
          </reporter-output>
        </test-method> <!-- LoginTest -->
        <test-method signature="SerachResultpage()[pri:2, instance:com.cleartrip_testcases.TC_LoginTest_001@44b3606b]" started-at="2022-07-25T10:50:32 IST" name="SerachResultpage" finished-at="2022-07-25T10:50:32 IST" duration-ms="365" status="PASS">
          <reporter-output>
          </reporter-output>
        </test-method> <!-- SerachResultpage -->
        <test-method is-config="true" signature="TearDown()[pri:0, instance:com.cleartrip_testcases.TC_LoginTest_001@44b3606b]" started-at="2022-07-25T10:50:32 IST" name="TearDown" finished-at="2022-07-25T10:50:32 IST" duration-ms="1" status="PASS">
          <reporter-output>
          </reporter-output>
        </test-method> <!-- TearDown -->
      </class> <!-- com.cleartrip_testcases.TC_LoginTest_001 -->
    </test> <!-- ClearTripApp Test -->
  </suite> <!-- ClearTrip -->
</testng-results>
