<?xml version="1.0" encoding="UTF-8"?>
<!-- Generated by org.testng.reporters.JUnitXMLReporter -->
<testsuite ignored="0" hostname="DESKTOP-ELBG45C" failures="0" tests="2" name="ClearTripApp Test" time="36.872" errors="0" timestamp="2022-07-25T10:50:32 IST">
  <testcase classname="com.cleartrip_testcases.TC_LoginTest_001" name="LoginTest" time="13.14"/>
  <testcase classname="com.cleartrip_testcases.TC_LoginTest_001" name="SerachResultpage" time="0.365"/>
</testsuite> <!-- ClearTripApp Test -->
